{"numTotalTestSuites":22,"numPassedTestSuites":22,"numFailedTestSuites":0,"numPendingTestSuites":0,"numTotalTests":43,"numPassedTests":43,"numFailedTests":0,"numPendingTests":0,"numTodoTests":0,"snapshot":{"added":0,"failure":false,"filesAdded":0,"filesRemoved":0,"filesRemovedList":[],"filesUnmatched":0,"filesUpdated":0,"matched":0,"total":0,"unchecked":0,"uncheckedKeysByFile":[],"unmatched":0,"updated":0,"didUpdate":false},"startTime":1787688043826,"success":true,"testResults":[{"assertionResults":[{"ancestorTitles":["App Route Navigation & Component Mounting"],"fullName":"App Route Navigation & Component Mounting renders home page with instant search and featured tests","status":"passed","title":"renders home page with instant search and featured tests","duration":115.56010000000242,"failureMessages":[],"meta":{}},{"ancestorTitles":["App Route Navigation & Component Mounting"],"fullName":"App Route Navigation & Component Mounting renders test catalog page","status":"passed","title":"renders test catalog page","duration":67.40539999999964,"failureMessages":[],"meta":{}},{"ancestorTitles":["App Route Navigation & Component Mounting"],"fullName":"App Route Navigation & Component Mounting renders about page with manifesto","status":"passed","title":"renders about page with manifesto","duration":17.715699999997014,"failureMessages":[],"meta":{}}],"startTime":1787688073605,"endTime":1787688073806.7158,"status":"passed","message":"","name":"C:/Users/ansar/Desktop/New folder/tests/app.test.tsx"},{"assertionResults":[{"ancestorTitles":["Automated Content Schema & Integrity Validation"],"fullName":"Automated Content Schema & Integrity Validation validates that all repository tests pass schema validation with 0 errors","status":"passed","title":"validates that all repository tests pass schema validation with 0 errors","duration":2.7910999999985506,"failureMessages":[],"meta":{}},{"ancestorTitles":["Automated Content Schema & Integrity Validation"],"fullName":"Automated Content Schema & Integrity Validation detects duplicate test IDs and duplicate slugs","status":"passed","title":"detects duplicate test IDs and duplicate slugs","duration":0.37779999999838765,"failureMessages":[],"meta":{}},{"ancestorTitles":["Automated Content Schema & Integrity Validation"],"fullName":"Automated Content Schema & Integrity Validation detects invalid slug formatting (spaces, uppercase, non-kebab)","status":"passed","title":"detects invalid slug formatting (spaces, uppercase, non-kebab)","duration":0.19859999999971478,"failureMessages":[],"meta":{}},{"ancestorTitles":["Automated Content Schema & Integrity Validation"],"fullName":"Automated Content Schema & Integrity Validation ensures every test has a unique slug and valid SEO metadata","status":"passed","title":"ensures every test has a unique slug and valid SEO metadata","duration":2.413200000002689,"failureMessages":[],"meta":{}},{"ancestorTitles":["Automated Content Schema & Integrity Validation"],"fullName":"Automated Content Schema & Integrity Validation covers every requested discovery category with at least one test","status":"passed","title":"covers every requested discovery category with at least one test","duration":0.20190000000002328,"failureMessages":[],"meta":{}},{"ancestorTitles":["Automated Content Schema & Integrity Validation"],"fullName":"Automated Content Schema & Integrity Validation detects duplicate question IDs across tests","status":"passed","title":"detects duplicate question IDs across tests","duration":0.2749000000003434,"failureMessages":[],"meta":{}},{"ancestorTitles":["Automated Content Schema & Integrity Validation"],"fullName":"Automated Content Schema & Integrity Validation detects invalid correct answers that do not match any option ID","status":"passed","title":"detects invalid correct answers that do not match any option ID","duration":0.1713000000017928,"failureMessages":[],"meta":{}},{"ancestorTitles":["Automated Content Schema & Integrity Validation"],"fullName":"Automated Content Schema & Integrity Validation detects missing or too short explanations (< 10 chars)","status":"passed","title":"detects missing or too short explanations (< 10 chars)","duration":0.12889999999970314,"failureMessages":[],"meta":{}},{"ancestorTitles":["Automated Content Schema & Integrity Validation"],"fullName":"Automated Content Schema & Integrity Validation detects questions with duplicate option IDs","status":"passed","title":"detects questions with duplicate option IDs","duration":0.1525999999976193,"failureMessages":[],"meta":{}}],"startTime":1787688069283,"endTime":1787688069290.1714,"status":"passed","message":"","name":"C:/Users/ansar/Desktop/New folder/tests/contentValidation.test.ts"},{"assertionResults":[{"ancestorTitles":["custom test authoring"],"fullName":"custom test authoring validates and persists a custom test locally","status":"passed","title":"validates and persists a custom test locally","duration":3.298500000000786,"failureMessages":[],"meta":{}},{"ancestorTitles":["custom test authoring"],"fullName":"custom test authoring removes a custom test without affecting other content","status":"passed","title":"removes a custom test without affecting other content","duration":0.3562999999994645,"failureMessages":[],"meta":{}},{"ancestorTitles":["custom test authoring"],"fullName":"custom test authoring rejects malformed serialized submissions","status":"passed","title":"rejects malformed serialized submissions","duration":0.30130000000099244,"failureMessages":[],"meta":{}}],"startTime":1787688063215,"endTime":1787688063218.3562,"status":"passed","message":"","name":"C:/Users/ansar/Desktop/New folder/tests/customTest.test.ts"},{"assertionResults":[{"ancestorTitles":["MarkdownRenderer"],"fullName":"MarkdownRenderer renders Markdown and math without executing HTML","status":"passed","title":"renders Markdown and math without executing HTML","duration":68.03020000000106,"failureMessages":[],"meta":{}},{"ancestorTitles":["MarkdownRenderer"],"fullName":"MarkdownRenderer renders a block math expression","status":"passed","title":"renders a block math expression","duration":10.70720000000074,"failureMessages":[],"meta":{}}],"startTime":1787688069277,"endTime":1787688069355.7073,"status":"passed","message":"","name":"C:/Users/ansar/Desktop/New folder/tests/markdownRenderer.test.tsx"},{"assertionResults":[{"ancestorTitles":["local mistake repository"],"fullName":"local mistake repository stores mistake context without personal information","status":"passed","title":"stores mistake context without personal information","duration":6.290399999999863,"failureMessages":[],"meta":{}},{"ancestorTitles":["local mistake repository"],"fullName":"local mistake repository deduplicates the same question within one attempt","status":"passed","title":"deduplicates the same question within one attempt","duration":0.712600000000748,"failureMessages":[],"meta":{}},{"ancestorTitles":["local mistake repository"],"fullName":"local mistake repository tracks a correct retry for the missed question","status":"passed","title":"tracks a correct retry for the missed question","duration":0.8334000000013475,"failureMessages":[],"meta":{}}],"startTime":1787688063214,"endTime":1787688063221.8335,"status":"passed","message":"","name":"C:/Users/ansar/Desktop/New folder/tests/mistakes.test.ts"},{"assertionResults":[{"ancestorTitles":["performance insights"],"fullName":"performance insights groups results by topic and separates strong and weak areas","status":"passed","title":"groups results by topic and separates strong and weak areas","duration":1.8708999999998923,"failureMessages":[],"meta":{}}],"startTime":1787688063165,"endTime":1787688063166.8708,"status":"passed","message":"","name":"C:/Users/ansar/Desktop/New folder/tests/performance.test.ts"},{"assertionResults":[{"ancestorTitles":["quiz engine"],"fullName":"quiz engine randomizes question order without changing question identity","status":"passed","title":"randomizes question order without changing question identity","duration":2.1926000000003114,"failureMessages":[],"meta":{}},{"ancestorTitles":["quiz engine"],"fullName":"quiz engine randomizes options while retaining the correct option ID","status":"passed","title":"randomizes options while retaining the correct option ID","duration":0.42519999999967695,"failureMessages":[],"meta":{}},{"ancestorTitles":["quiz engine"],"fullName":"quiz engine creates an in-progress attempt with unanswered questions","status":"passed","title":"creates an in-progress attempt with unanswered questions","duration":0.7105000000010477,"failureMessages":[],"meta":{}},{"ancestorTitles":["quiz engine"],"fullName":"quiz engine ticks to zero once and signals auto-submit","status":"passed","title":"ticks to zero once and signals auto-submit","duration":0.3228999999992084,"failureMessages":[],"meta":{}},{"ancestorTitles":["quiz engine"],"fullName":"quiz engine does not tick completed attempts","status":"passed","title":"does not tick completed attempts","duration":0.19650000000001455,"failureMessages":[],"meta":{}},{"ancestorTitles":["quiz engine"],"fullName":"quiz engine scores unanswered questions as unanswered, not incorrect","status":"passed","title":"scores unanswered questions as unanswered, not incorrect","duration":0.46409999999923457,"failureMessages":[],"meta":{}},{"ancestorTitles":["quiz engine"],"fullName":"quiz engine calculates completion with correct and incorrect answers","status":"passed","title":"calculates completion with correct and incorrect answers","duration":0.33849999999983993,"failureMessages":[],"meta":{}}],"startTime":1787688066133,"endTime":1787688066138.3384,"status":"passed","message":"","name":"C:/Users/ansar/Desktop/New folder/tests/quizEngine.test.ts"},{"assertionResults":[{"ancestorTitles":["Quiz Store State Machine"],"fullName":"Quiz Store State Machine initializes a quiz session cleanly","status":"passed","title":"initializes a quiz session cleanly","duration":2.5045000000027358,"failureMessages":[],"meta":{}},{"ancestorTitles":["Quiz Store State Machine"],"fullName":"Quiz Store State Machine selects option and records answer","status":"passed","title":"selects option and records answer","duration":0.679599999999482,"failureMessages":[],"meta":{}},{"ancestorTitles":["Quiz Store State Machine"],"fullName":"Quiz Store State Machine toggles mark for review","status":"passed","title":"toggles mark for review","duration":0.4355000000032305,"failureMessages":[],"meta":{}},{"ancestorTitles":["Quiz Store State Machine"],"fullName":"Quiz Store State Machine submits quiz and computes result","status":"passed","title":"submits quiz and computes result","duration":0.8431000000018685,"failureMessages":[],"meta":{}}],"startTime":1787688069276,"endTime":1787688069279.843,"status":"passed","message":"","name":"C:/Users/ansar/Desktop/New folder/tests/quizStore.test.ts"},{"assertionResults":[{"ancestorTitles":["recommendation engine"],"fullName":"recommendation engine prioritizes a repeatedly weak topic over related skills","status":"passed","title":"prioritizes a repeatedly weak topic over related skills","duration":2.4580000000005384,"failureMessages":[],"meta":{}},{"ancestorTitles":["recommendation engine"],"fullName":"recommendation engine falls back to related category and skill tests without progress data","status":"passed","title":"falls back to related category and skill tests without progress data","duration":1.1051000000006752,"failureMessages":[],"meta":{}}],"startTime":1787688063163,"endTime":1787688063166.105,"status":"passed","message":"","name":"C:/Users/ansar/Desktop/New folder/tests/recommendation.test.ts"},{"assertionResults":[{"ancestorTitles":["Scoring Engine (calculateTestResult)"],"fullName":"Scoring Engine (calculateTestResult) correctly calculates 100% score when all questions are correct","status":"passed","title":"correctly calculates 100% score when all questions are correct","duration":1.5537999999996828,"failureMessages":[],"meta":{}},{"ancestorTitles":["Scoring Engine (calculateTestResult)"],"fullName":"Scoring Engine (calculateTestResult) correctly calculates 50% score and marks as failed when passing score is 70%","status":"passed","title":"correctly calculates 50% score and marks as failed when passing score is 70%","duration":0.2914999999993597,"failureMessages":[],"meta":{}},{"ancestorTitles":["Scoring Engine (calculateTestResult)"],"fullName":"Scoring Engine (calculateTestResult) handles unanswered questions and flagged questions properly","status":"passed","title":"handles unanswered questions and flagged questions properly","duration":0.2415000000000873,"failureMessages":[],"meta":{}},{"ancestorTitles":["Scoring Engine (calculateTestResult)"],"fullName":"Scoring Engine (calculateTestResult) uses question points consistently for weighted scores","status":"passed","title":"uses question points consistently for weighted scores","duration":0.22340000000076543,"failureMessages":[],"meta":{}}],"startTime":1787688063164,"endTime":1787688063166.2915,"status":"passed","message":"","name":"C:/Users/ansar/Desktop/New folder/tests/scoring.test.ts"},{"assertionResults":[{"ancestorTitles":["SearchService"],"fullName":"SearchService searches tests by keyword using fuzzy matching","status":"passed","title":"searches tests by keyword using fuzzy matching","duration":20.213800000001356,"failureMessages":[],"meta":{}},{"ancestorTitles":["SearchService"],"fullName":"SearchService matches title, category, tags, and topic keywords","status":"passed","title":"matches title, category, tags, and topic keywords","duration":83.46739999999772,"failureMessages":[],"meta":{}},{"ancestorTitles":["SearchService"],"fullName":"SearchService filters tests by category slug","status":"passed","title":"filters tests by category slug","duration":0.2613000000019383,"failureMessages":[],"meta":{}},{"ancestorTitles":["SearchService"],"fullName":"SearchService filters tests by difficulty level","status":"passed","title":"filters tests by difficulty level","duration":0.15890000000217697,"failureMessages":[],"meta":{}},{"ancestorTitles":["SearchService"],"fullName":"SearchService returns all tests when query and filters are empty","status":"passed","title":"returns all tests when query and filters are empty","duration":0.10090000000127475,"failureMessages":[],"meta":{}}],"startTime":1787688069276,"endTime":1787688069381.159,"status":"passed","message":"","name":"C:/Users/ansar/Desktop/New folder/tests/search.test.ts"}]}